<?xml version="1.0" encoding="UTF-8"?>
<!-- Generated by org.testng.reporters.JUnitXMLReporter -->
<testsuite ignored="0" hostname="LAPTOP-9NDSKU1M" failures="5" tests="7" name="Test" time="55.79" errors="0" timestamp="2025-08-02T06:44:15 IST">
  <testcase classname="com.BikeRentalManagement.AdminLogin.AdminLoginTest" name="adminLoginTest" time="0.059"/>
  <testcase classname="com.BikeRentalManagement.Dashboard.DashboardTest" name="verifyNavigationToDashboard" time="0.255"/>
  <testcase classname="com.BikeRentalManagement.Dashboard.DashboardTest" name="verifyPageRedirectsToBrandsClickingUponBrandsLinkinDashboard" time="0.672">
    <failure type="java.lang.AssertionError" message="expected [Listed  Brands] but found [LISTED BRANDS]">
      <![CDATA[java.lang.AssertionError: expected [Listed  Brands] but found [LISTED BRANDS]
at com.BikeRentalManagement.Dashboard.DashboardTest.verifyPageRedirectsToBrandsClickingUponBrandsLinkinDashboard(DashboardTest.java:70)
at java.base/java.util.ArrayList.forEach(ArrayList.java:1597)
... Removed 31 stack frames]]>
    </failure>
  </testcase> <!-- verifyPageRedirectsToBrandsClickingUponBrandsLinkinDashboard -->
  <testcase classname="com.BikeRentalManagement.Dashboard.DashboardTest" name="verifyPageRedirectsToListedVehiclesClickingUponListedVehiclesLinkinDashboard" time="20.508">
    <failure type="org.openqa.selenium.NoSuchElementException" message="Cannot locate an element using By.all({By.xpath: //DIV[contains(.,&amp;apos;9&amp;apos;)]/descendant::DIV[.=&amp;apos;Listed Vehicles&amp;apos;]})
For documentation on this error, please visit: https://www.selenium.dev/documentation/webdriver/troubleshooting/errors#no-such-element-exception
Build info: version: &amp;apos;4.19.1&amp;apos;, revision: &amp;apos;abe0ee07dc&amp;apos;
System info: os.name: &amp;apos;Windows 11&amp;apos;, os.arch: &amp;apos;amd64&amp;apos;, os.version: &amp;apos;10.0&amp;apos;, java.version: &amp;apos;23.0.2&amp;apos;
Driver info: driver.version: RemoteWebDriver">
      <![CDATA[org.openqa.selenium.NoSuchElementException: Cannot locate an element using By.all({By.xpath: //DIV[contains(.,'9')]/descendant::DIV[.='Listed Vehicles']})
For documentation on this error, please visit: https://www.selenium.dev/documentation/webdriver/troubleshooting/errors#no-such-element-exception
Build info: version: '4.19.1', revision: 'abe0ee07dc'
System info: os.name: 'Windows 11', os.arch: 'amd64', os.version: '10.0', java.version: '23.0.2'
Driver info: driver.version: RemoteWebDriver
at org.openqa.selenium.support.pagefactory.ByAll.findElement(ByAll.java:57)
at org.openqa.selenium.remote.ElementLocation$ElementFinder$1.findElement(ElementLocation.java:139)
at org.openqa.selenium.remote.ElementLocation.findElement(ElementLocation.java:59)
at org.openqa.selenium.remote.RemoteWebDriver.findElement(RemoteWebDriver.java:355)
at org.openqa.selenium.remote.RemoteWebDriver.findElement(RemoteWebDriver.java:349)
at org.openqa.selenium.support.pagefactory.DefaultElementLocator.findElement(DefaultElementLocator.java:68)
at org.openqa.selenium.support.pagefactory.internal.LocatingElementHandler.invoke(LocatingElementHandler.java:38)
at jdk.proxy2/jdk.proxy2.$Proxy20.getText(Unknown Source)
at com.BikeRentalManagement.POMPages.Dashboard.getListedVehiclesText(Dashboard.java:177)
at com.BikeRentalManagement.Dashboard.DashboardTest.verifyPageRedirectsToListedVehiclesClickingUponListedVehiclesLinkinDashboard(DashboardTest.java:54)
at java.base/java.util.ArrayList.forEach(ArrayList.java:1597)
... Removed 25 stack frames]]>
    </failure>
  </testcase> <!-- verifyPageRedirectsToListedVehiclesClickingUponListedVehiclesLinkinDashboard -->
  <testcase classname="com.BikeRentalManagement.Dashboard.DashboardTest" name="verifyPageRedirectsToRegUserClickingUponRegUsersLinkinDashboard" time="0.76">
    <failure type="java.lang.AssertionError" message="expected [Reg Users] but found [REG USERS]">
      <![CDATA[java.lang.AssertionError: expected [Reg Users] but found [REG USERS]
at com.BikeRentalManagement.Dashboard.DashboardTest.verifyPageRedirectsToRegUserClickingUponRegUsersLinkinDashboard(DashboardTest.java:41)
at java.base/java.util.ArrayList.forEach(ArrayList.java:1597)
... Removed 31 stack frames]]>
    </failure>
  </testcase> <!-- verifyPageRedirectsToRegUserClickingUponRegUsersLinkinDashboard -->
  <testcase classname="com.BikeRentalManagement.Dashboard.DashboardTest" name="verifyPageRedirectsToSubscribesrClickingUponSubscribesLinkinDashboard" time="20.618">
    <failure type="org.openqa.selenium.NoSuchElementException" message="Cannot locate an element using By.all({By.xpath: //DIV[contains(.,&amp;apos;0&amp;apos;)]/descendant::DIV[.=&amp;apos;Subscibers&amp;apos;]})
For documentation on this error, please visit: https://www.selenium.dev/documentation/webdriver/troubleshooting/errors#no-such-element-exception
Build info: version: &amp;apos;4.19.1&amp;apos;, revision: &amp;apos;abe0ee07dc&amp;apos;
System info: os.name: &amp;apos;Windows 11&amp;apos;, os.arch: &amp;apos;amd64&amp;apos;, os.version: &amp;apos;10.0&amp;apos;, java.version: &amp;apos;23.0.2&amp;apos;
Driver info: driver.version: RemoteWebDriver">
      <![CDATA[org.openqa.selenium.NoSuchElementException: Cannot locate an element using By.all({By.xpath: //DIV[contains(.,'0')]/descendant::DIV[.='Subscibers']})
For documentation on this error, please visit: https://www.selenium.dev/documentation/webdriver/troubleshooting/errors#no-such-element-exception
Build info: version: '4.19.1', revision: 'abe0ee07dc'
System info: os.name: 'Windows 11', os.arch: 'amd64', os.version: '10.0', java.version: '23.0.2'
Driver info: driver.version: RemoteWebDriver
at org.openqa.selenium.support.pagefactory.ByAll.findElement(ByAll.java:57)
at org.openqa.selenium.remote.ElementLocation$ElementFinder$1.findElement(ElementLocation.java:139)
at org.openqa.selenium.remote.ElementLocation.findElement(ElementLocation.java:59)
at org.openqa.selenium.remote.RemoteWebDriver.findElement(RemoteWebDriver.java:355)
at org.openqa.selenium.remote.RemoteWebDriver.findElement(RemoteWebDriver.java:349)
at org.openqa.selenium.support.pagefactory.DefaultElementLocator.findElement(DefaultElementLocator.java:68)
at org.openqa.selenium.support.pagefactory.internal.LocatingElementHandler.invoke(LocatingElementHandler.java:38)
at jdk.proxy2/jdk.proxy2.$Proxy20.getText(Unknown Source)
at com.BikeRentalManagement.POMPages.Dashboard.getSubscribersText(Dashboard.java:213)
at com.BikeRentalManagement.Dashboard.DashboardTest.verifyPageRedirectsToSubscribesrClickingUponSubscribesLinkinDashboard(DashboardTest.java:100)
at java.base/java.util.ArrayList.forEach(ArrayList.java:1597)
... Removed 25 stack frames]]>
    </failure>
  </testcase> <!-- verifyPageRedirectsToSubscribesrClickingUponSubscribesLinkinDashboard -->
  <testcase classname="com.BikeRentalManagement.Dashboard.DashboardTest" name="verifyPageRedirectsToTotalBookingsClickingUponTotalBookingsLinkinDashboard" time="0.729">
    <failure type="java.lang.AssertionError" message="expected [Bookings Info] but found [BOOKINGS INFO]">
      <![CDATA[java.lang.AssertionError: expected [Bookings Info] but found [BOOKINGS INFO]
at com.BikeRentalManagement.Dashboard.DashboardTest.verifyPageRedirectsToTotalBookingsClickingUponTotalBookingsLinkinDashboard(DashboardTest.java:86)
at java.base/java.util.ArrayList.forEach(ArrayList.java:1597)
... Removed 31 stack frames]]>
    </failure>
  </testcase> <!-- verifyPageRedirectsToTotalBookingsClickingUponTotalBookingsLinkinDashboard -->
</testsuite> <!-- Test -->
