<!DOCTYPE html PUBLIC "-//W3C//DTD XHTML 1.1//EN" "https://www.w3.org/TR/xhtml11/DTD/xhtml11.dtd">
<html xmlns="https://www.w3.org/1999/xhtml">
<head>
<meta http-equiv="content-type" content="text/html; charset=UTF-8"/>
<title>TestNG Report</title>
<style type="text/css">table {margin-bottom:10px;border-collapse:collapse;empty-cells:show}th,td {border:1px solid #009;padding:.25em .5em}th {vertical-align:bottom}td {vertical-align:top}table a {font-weight:bold}.stripe td {background-color: #E6EBF9}.num {text-align:right}.passedodd td {background-color: #3F3}.passedeven td {background-color: #0A0}.skippedodd td {background-color: #DDD}.skippedeven td {background-color: #CCC}.failedodd td,.attn {background-color: #F33}.failedeven td,.stripe .attn {background-color: #D00}.stacktrace {white-space:pre;font-family:monospace}.totop {font-size:85%;text-align:center;border-bottom:2px solid #000}.invisible {display:none}</style>
</head>
<body>
<table>
<tr><th>Test</th><th># Passed</th><th># Skipped</th><th># Retried</th><th># Failed</th><th>Time (ms)</th><th>Included Groups</th><th>Excluded Groups</th></tr>
<tr><th colspan="8">Suite</th></tr>
<tr><td><a href="#t0">Test</a></td><td class="num">2</td><td class="num">0</td><td class="num">0</td><td class="num attn">5</td><td class="num">55,790</td><td></td><td></td></tr>
</table>
<table id='summary'><thead><tr><th>Class</th><th>Method</th><th>Start</th><th>Time (ms)</th></tr></thead><tbody><tr><th colspan="4">Suite</th></tr></tbody><tbody id="t0"><tr><th colspan="4">Test &#8212; failed</th></tr><tr class="failedeven"><td rowspan="5">com.BikeRentalManagement.Dashboard.DashboardTest</td><td><a href="#m0">verifyPageRedirectsToBrandsClickingUponBrandsLinkinDashboard</a></td><td rowspan="1">1754097208142</td><td rowspan="1">672</td></tr><tr class="failedeven"><td><a href="#m1">verifyPageRedirectsToListedVehiclesClickingUponListedVehiclesLinkinDashboard</a></td><td rowspan="1">1754097209474</td><td rowspan="1">20508</td></tr><tr class="failedeven"><td><a href="#m2">verifyPageRedirectsToRegUserClickingUponRegUsersLinkinDashboard</a></td><td rowspan="1">1754097230897</td><td rowspan="1">760</td></tr><tr class="failedeven"><td><a href="#m3">verifyPageRedirectsToSubscribesrClickingUponSubscribesLinkinDashboard</a></td><td rowspan="1">1754097232436</td><td rowspan="1">20618</td></tr><tr class="failedeven"><td><a href="#m4">verifyPageRedirectsToTotalBookingsClickingUponTotalBookingsLinkinDashboard</a></td><td rowspan="1">1754097253972</td><td rowspan="1">729</td></tr><tr><th colspan="4">Test &#8212; passed</th></tr><tr class="passedeven"><td rowspan="1">com.BikeRentalManagement.AdminLogin.AdminLoginTest</td><td><a href="#m5">adminLoginTest</a></td><td rowspan="1">1754097203787</td><td rowspan="1">59</td></tr><tr class="passedodd"><td rowspan="1">com.BikeRentalManagement.Dashboard.DashboardTest</td><td><a href="#m6">verifyNavigationToDashboard</a></td><td rowspan="1">1754097207286</td><td rowspan="1">255</td></tr></tbody>
</table>
<h2>Test</h2><h3 id="m0">com.BikeRentalManagement.Dashboard.DashboardTest#verifyPageRedirectsToBrandsClickingUponBrandsLinkinDashboard</h3><table class="result"><tr><th>Exception</th></tr><tr><td><div class="stacktrace">java.lang.AssertionError: expected [Listed  Brands] but found [LISTED BRANDS]
	at com.BikeRentalManagement.Dashboard.DashboardTest.verifyPageRedirectsToBrandsClickingUponBrandsLinkinDashboard(DashboardTest.java:70)
	at java.base/java.util.ArrayList.forEach(ArrayList.java:1597)
... Removed 31 stack frames</div></td></tr></table><p class="totop"><a href="#summary">back to summary</a></p>
<h3 id="m1">com.BikeRentalManagement.Dashboard.DashboardTest#verifyPageRedirectsToListedVehiclesClickingUponListedVehiclesLinkinDashboard</h3><table class="result"><tr><th>Exception</th></tr><tr><td><div class="stacktrace">org.openqa.selenium.NoSuchElementException: Cannot locate an element using By.all({By.xpath: //DIV[contains(.,&apos;9&apos;)]/descendant::DIV[.=&apos;Listed Vehicles&apos;]})
For documentation on this error, please visit: https://www.selenium.dev/documentation/webdriver/troubleshooting/errors#no-such-element-exception
Build info: version: &apos;4.19.1&apos;, revision: &apos;abe0ee07dc&apos;
System info: os.name: &apos;Windows 11&apos;, os.arch: &apos;amd64&apos;, os.version: &apos;10.0&apos;, java.version: &apos;23.0.2&apos;
Driver info: driver.version: RemoteWebDriver
	at org.openqa.selenium.support.pagefactory.ByAll.findElement(ByAll.java:57)
	at org.openqa.selenium.remote.ElementLocation$ElementFinder$1.findElement(ElementLocation.java:139)
	at org.openqa.selenium.remote.ElementLocation.findElement(ElementLocation.java:59)
	at org.openqa.selenium.remote.RemoteWebDriver.findElement(RemoteWebDriver.java:355)
	at org.openqa.selenium.remote.RemoteWebDriver.findElement(RemoteWebDriver.java:349)
	at org.openqa.selenium.support.pagefactory.DefaultElementLocator.findElement(DefaultElementLocator.java:68)
	at org.openqa.selenium.support.pagefactory.internal.LocatingElementHandler.invoke(LocatingElementHandler.java:38)
	at jdk.proxy2/jdk.proxy2.$Proxy20.getText(Unknown Source)
	at com.BikeRentalManagement.POMPages.Dashboard.getListedVehiclesText(Dashboard.java:177)
	at com.BikeRentalManagement.Dashboard.DashboardTest.verifyPageRedirectsToListedVehiclesClickingUponListedVehiclesLinkinDashboard(DashboardTest.java:54)
	at java.base/java.util.ArrayList.forEach(ArrayList.java:1597)
... Removed 25 stack frames</div></td></tr></table><p class="totop"><a href="#summary">back to summary</a></p>
<h3 id="m2">com.BikeRentalManagement.Dashboard.DashboardTest#verifyPageRedirectsToRegUserClickingUponRegUsersLinkinDashboard</h3><table class="result"><tr><th>Exception</th></tr><tr><td><div class="stacktrace">java.lang.AssertionError: expected [Reg Users] but found [REG USERS]
	at com.BikeRentalManagement.Dashboard.DashboardTest.verifyPageRedirectsToRegUserClickingUponRegUsersLinkinDashboard(DashboardTest.java:41)
	at java.base/java.util.ArrayList.forEach(ArrayList.java:1597)
... Removed 31 stack frames</div></td></tr></table><p class="totop"><a href="#summary">back to summary</a></p>
<h3 id="m3">com.BikeRentalManagement.Dashboard.DashboardTest#verifyPageRedirectsToSubscribesrClickingUponSubscribesLinkinDashboard</h3><table class="result"><tr><th>Exception</th></tr><tr><td><div class="stacktrace">org.openqa.selenium.NoSuchElementException: Cannot locate an element using By.all({By.xpath: //DIV[contains(.,&apos;0&apos;)]/descendant::DIV[.=&apos;Subscibers&apos;]})
For documentation on this error, please visit: https://www.selenium.dev/documentation/webdriver/troubleshooting/errors#no-such-element-exception
Build info: version: &apos;4.19.1&apos;, revision: &apos;abe0ee07dc&apos;
System info: os.name: &apos;Windows 11&apos;, os.arch: &apos;amd64&apos;, os.version: &apos;10.0&apos;, java.version: &apos;23.0.2&apos;
Driver info: driver.version: RemoteWebDriver
	at org.openqa.selenium.support.pagefactory.ByAll.findElement(ByAll.java:57)
	at org.openqa.selenium.remote.ElementLocation$ElementFinder$1.findElement(ElementLocation.java:139)
	at org.openqa.selenium.remote.ElementLocation.findElement(ElementLocation.java:59)
	at org.openqa.selenium.remote.RemoteWebDriver.findElement(RemoteWebDriver.java:355)
	at org.openqa.selenium.remote.RemoteWebDriver.findElement(RemoteWebDriver.java:349)
	at org.openqa.selenium.support.pagefactory.DefaultElementLocator.findElement(DefaultElementLocator.java:68)
	at org.openqa.selenium.support.pagefactory.internal.LocatingElementHandler.invoke(LocatingElementHandler.java:38)
	at jdk.proxy2/jdk.proxy2.$Proxy20.getText(Unknown Source)
	at com.BikeRentalManagement.POMPages.Dashboard.getSubscribersText(Dashboard.java:213)
	at com.BikeRentalManagement.Dashboard.DashboardTest.verifyPageRedirectsToSubscribesrClickingUponSubscribesLinkinDashboard(DashboardTest.java:100)
	at java.base/java.util.ArrayList.forEach(ArrayList.java:1597)
... Removed 25 stack frames</div></td></tr></table><p class="totop"><a href="#summary">back to summary</a></p>
<h3 id="m4">com.BikeRentalManagement.Dashboard.DashboardTest#verifyPageRedirectsToTotalBookingsClickingUponTotalBookingsLinkinDashboard</h3><table class="result"><tr><th>Exception</th></tr><tr><td><div class="stacktrace">java.lang.AssertionError: expected [Bookings Info] but found [BOOKINGS INFO]
	at com.BikeRentalManagement.Dashboard.DashboardTest.verifyPageRedirectsToTotalBookingsClickingUponTotalBookingsLinkinDashboard(DashboardTest.java:86)
	at java.base/java.util.ArrayList.forEach(ArrayList.java:1597)
... Removed 31 stack frames</div></td></tr></table><p class="totop"><a href="#summary">back to summary</a></p>
<h3 id="m5">com.BikeRentalManagement.AdminLogin.AdminLoginTest#adminLoginTest</h3><table class="result"><tr><th class="invisible"/></tr></table><p class="totop"><a href="#summary">back to summary</a></p>
<h3 id="m6">com.BikeRentalManagement.Dashboard.DashboardTest#verifyNavigationToDashboard</h3><table class="result"><tr><th class="invisible"/></tr></table><p class="totop"><a href="#summary">back to summary</a></p>
</body>
</html>
